[INFO] [2019-11-24 23:01:56][org.springframework.context.support.ClassPathXmlApplicationContext]Refreshing org.springframework.context.support.ClassPathXmlApplicationContext@7b3300e5: startup date [Sun Nov 24 23:01:56 CST 2019]; root of context hierarchy
[INFO] [2019-11-24 23:01:56][org.springframework.beans.factory.xml.XmlBeanDefinitionReader]Loading XML bean definitions from class path resource [applicationContext.xml]
[INFO] [2019-11-24 23:01:58][org.springframework.context.support.PropertySourcesPlaceholderConfigurer]Loading properties file from class path resource [databases.properties]
[INFO] [2019-11-24 23:01:58][org.springframework.beans.factory.annotation.AutowiredAnnotationBeanPostProcessor]JSR-330 'javax.inject.Inject' annotation found and supported for autowiring
[INFO] [2019-11-24 23:02:00][org.springframework.context.support.PostProcessorRegistrationDelegate$BeanPostProcessorChecker]Bean 'org.springframework.beans.factory.config.MethodInvokingFactoryBean#0' of type [class org.springframework.beans.factory.config.MethodInvokingFactoryBean] is not eligible for getting processed by all BeanPostProcessors (for example: not eligible for auto-proxying)
[INFO] [2019-11-24 23:02:00][org.springframework.context.support.PostProcessorRegistrationDelegate$BeanPostProcessorChecker]Bean 'dataSource' of type [class org.apache.commons.dbcp.BasicDataSource] is not eligible for getting processed by all BeanPostProcessors (for example: not eligible for auto-proxying)
[INFO] [2019-11-24 23:02:01][org.springframework.context.support.PostProcessorRegistrationDelegate$BeanPostProcessorChecker]Bean 'sqlSessionFactory' of type [class org.mybatis.spring.SqlSessionFactoryBean] is not eligible for getting processed by all BeanPostProcessors (for example: not eligible for auto-proxying)
[INFO] [2019-11-24 23:02:01][org.springframework.context.support.PostProcessorRegistrationDelegate$BeanPostProcessorChecker]Bean 'sqlSessionFactory' of type [class org.apache.ibatis.session.defaults.DefaultSqlSessionFactory] is not eligible for getting processed by all BeanPostProcessors (for example: not eligible for auto-proxying)
[INFO] [2019-11-24 23:02:01][org.springframework.context.support.PostProcessorRegistrationDelegate$BeanPostProcessorChecker]Bean 'fantaMapper' of type [class org.mybatis.spring.mapper.MapperFactoryBean] is not eligible for getting processed by all BeanPostProcessors (for example: not eligible for auto-proxying)
[INFO] [2019-11-24 23:02:01][org.springframework.context.support.PostProcessorRegistrationDelegate$BeanPostProcessorChecker]Bean 'resourceMapper' of type [class org.mybatis.spring.mapper.MapperFactoryBean] is not eligible for getting processed by all BeanPostProcessors (for example: not eligible for auto-proxying)
[INFO] [2019-11-24 23:02:01][org.springframework.context.support.PostProcessorRegistrationDelegate$BeanPostProcessorChecker]Bean 'roleMapper' of type [class org.mybatis.spring.mapper.MapperFactoryBean] is not eligible for getting processed by all BeanPostProcessors (for example: not eligible for auto-proxying)
[INFO] [2019-11-24 23:02:01][org.springframework.context.support.PostProcessorRegistrationDelegate$BeanPostProcessorChecker]Bean 'userMapper' of type [class org.mybatis.spring.mapper.MapperFactoryBean] is not eligible for getting processed by all BeanPostProcessors (for example: not eligible for auto-proxying)
[INFO] [2019-11-24 23:02:01][org.springframework.context.support.PostProcessorRegistrationDelegate$BeanPostProcessorChecker]Bean 'userMapper' of type [class com.sun.proxy.$Proxy12] is not eligible for getting processed by all BeanPostProcessors (for example: not eligible for auto-proxying)
[INFO] [2019-11-24 23:02:01][org.springframework.context.support.PostProcessorRegistrationDelegate$BeanPostProcessorChecker]Bean 'userServiceImpl' of type [class com.sdn.service.impl.userServiceImpl] is not eligible for getting processed by all BeanPostProcessors (for example: not eligible for auto-proxying)
[INFO] [2019-11-24 23:02:01][org.springframework.context.support.PostProcessorRegistrationDelegate$BeanPostProcessorChecker]Bean 'resourceMapper' of type [class com.sun.proxy.$Proxy13] is not eligible for getting processed by all BeanPostProcessors (for example: not eligible for auto-proxying)
[INFO] [2019-11-24 23:02:01][org.springframework.context.support.PostProcessorRegistrationDelegate$BeanPostProcessorChecker]Bean 'roleMapper' of type [class com.sun.proxy.$Proxy14] is not eligible for getting processed by all BeanPostProcessors (for example: not eligible for auto-proxying)
[INFO] [2019-11-24 23:02:01][org.springframework.context.support.PostProcessorRegistrationDelegate$BeanPostProcessorChecker]Bean 'resourceServiceImpl' of type [class com.sdn.service.impl.resourceServiceImpl] is not eligible for getting processed by all BeanPostProcessors (for example: not eligible for auto-proxying)
[INFO] [2019-11-24 23:02:01][org.springframework.context.support.PostProcessorRegistrationDelegate$BeanPostProcessorChecker]Bean 'credentialsMatcher' of type [class org.apache.shiro.authc.credential.HashedCredentialsMatcher] is not eligible for getting processed by all BeanPostProcessors (for example: not eligible for auto-proxying)
[INFO] [2019-11-24 23:02:01][org.springframework.context.support.PostProcessorRegistrationDelegate$BeanPostProcessorChecker]Bean 'myRealm' of type [class com.sdn.realm.myrealm] is not eligible for getting processed by all BeanPostProcessors (for example: not eligible for auto-proxying)
[INFO] [2019-11-24 23:02:01][org.springframework.context.support.PostProcessorRegistrationDelegate$BeanPostProcessorChecker]Bean 'securityManager' of type [class org.apache.shiro.web.mgt.DefaultWebSecurityManager] is not eligible for getting processed by all BeanPostProcessors (for example: not eligible for auto-proxying)
[INFO] [2019-11-24 23:02:01][org.springframework.web.servlet.handler.SimpleUrlHandlerMapping]Mapped URL path [/public/**] onto handler 'org.springframework.web.servlet.resource.ResourceHttpRequestHandler#0'
[INFO] [2019-11-24 23:03:33][org.springframework.context.support.ClassPathXmlApplicationContext]Refreshing org.springframework.context.support.ClassPathXmlApplicationContext@7b3300e5: startup date [Sun Nov 24 23:03:33 CST 2019]; root of context hierarchy
[INFO] [2019-11-24 23:03:33][org.springframework.beans.factory.xml.XmlBeanDefinitionReader]Loading XML bean definitions from class path resource [applicationContext.xml]
[INFO] [2019-11-24 23:03:34][org.springframework.context.support.PropertySourcesPlaceholderConfigurer]Loading properties file from class path resource [databases.properties]
[INFO] [2019-11-24 23:03:34][org.springframework.beans.factory.annotation.AutowiredAnnotationBeanPostProcessor]JSR-330 'javax.inject.Inject' annotation found and supported for autowiring
[INFO] [2019-11-24 23:03:35][org.springframework.context.support.PostProcessorRegistrationDelegate$BeanPostProcessorChecker]Bean 'org.springframework.beans.factory.config.MethodInvokingFactoryBean#0' of type [class org.springframework.beans.factory.config.MethodInvokingFactoryBean] is not eligible for getting processed by all BeanPostProcessors (for example: not eligible for auto-proxying)
[INFO] [2019-11-24 23:03:35][org.springframework.context.support.PostProcessorRegistrationDelegate$BeanPostProcessorChecker]Bean 'dataSource' of type [class org.apache.commons.dbcp.BasicDataSource] is not eligible for getting processed by all BeanPostProcessors (for example: not eligible for auto-proxying)
[INFO] [2019-11-24 23:03:35][org.springframework.context.support.PostProcessorRegistrationDelegate$BeanPostProcessorChecker]Bean 'sqlSessionFactory' of type [class org.mybatis.spring.SqlSessionFactoryBean] is not eligible for getting processed by all BeanPostProcessors (for example: not eligible for auto-proxying)
[INFO] [2019-11-24 23:03:35][org.springframework.context.support.PostProcessorRegistrationDelegate$BeanPostProcessorChecker]Bean 'sqlSessionFactory' of type [class org.apache.ibatis.session.defaults.DefaultSqlSessionFactory] is not eligible for getting processed by all BeanPostProcessors (for example: not eligible for auto-proxying)
[INFO] [2019-11-24 23:03:35][org.springframework.context.support.PostProcessorRegistrationDelegate$BeanPostProcessorChecker]Bean 'fantaMapper' of type [class org.mybatis.spring.mapper.MapperFactoryBean] is not eligible for getting processed by all BeanPostProcessors (for example: not eligible for auto-proxying)
[INFO] [2019-11-24 23:03:35][org.springframework.context.support.PostProcessorRegistrationDelegate$BeanPostProcessorChecker]Bean 'resourceMapper' of type [class org.mybatis.spring.mapper.MapperFactoryBean] is not eligible for getting processed by all BeanPostProcessors (for example: not eligible for auto-proxying)
[INFO] [2019-11-24 23:03:35][org.springframework.context.support.PostProcessorRegistrationDelegate$BeanPostProcessorChecker]Bean 'roleMapper' of type [class org.mybatis.spring.mapper.MapperFactoryBean] is not eligible for getting processed by all BeanPostProcessors (for example: not eligible for auto-proxying)
[INFO] [2019-11-24 23:03:35][org.springframework.context.support.PostProcessorRegistrationDelegate$BeanPostProcessorChecker]Bean 'userMapper' of type [class org.mybatis.spring.mapper.MapperFactoryBean] is not eligible for getting processed by all BeanPostProcessors (for example: not eligible for auto-proxying)
[INFO] [2019-11-24 23:03:35][org.springframework.context.support.PostProcessorRegistrationDelegate$BeanPostProcessorChecker]Bean 'userMapper' of type [class com.sun.proxy.$Proxy12] is not eligible for getting processed by all BeanPostProcessors (for example: not eligible for auto-proxying)
[INFO] [2019-11-24 23:03:35][org.springframework.context.support.PostProcessorRegistrationDelegate$BeanPostProcessorChecker]Bean 'userServiceImpl' of type [class com.sdn.service.impl.userServiceImpl] is not eligible for getting processed by all BeanPostProcessors (for example: not eligible for auto-proxying)
[INFO] [2019-11-24 23:03:35][org.springframework.context.support.PostProcessorRegistrationDelegate$BeanPostProcessorChecker]Bean 'resourceMapper' of type [class com.sun.proxy.$Proxy13] is not eligible for getting processed by all BeanPostProcessors (for example: not eligible for auto-proxying)
[INFO] [2019-11-24 23:03:35][org.springframework.context.support.PostProcessorRegistrationDelegate$BeanPostProcessorChecker]Bean 'roleMapper' of type [class com.sun.proxy.$Proxy14] is not eligible for getting processed by all BeanPostProcessors (for example: not eligible for auto-proxying)
[INFO] [2019-11-24 23:03:35][org.springframework.context.support.PostProcessorRegistrationDelegate$BeanPostProcessorChecker]Bean 'resourceServiceImpl' of type [class com.sdn.service.impl.resourceServiceImpl] is not eligible for getting processed by all BeanPostProcessors (for example: not eligible for auto-proxying)
[INFO] [2019-11-24 23:03:35][org.springframework.context.support.PostProcessorRegistrationDelegate$BeanPostProcessorChecker]Bean 'credentialsMatcher' of type [class org.apache.shiro.authc.credential.HashedCredentialsMatcher] is not eligible for getting processed by all BeanPostProcessors (for example: not eligible for auto-proxying)
[INFO] [2019-11-24 23:03:35][org.springframework.context.support.PostProcessorRegistrationDelegate$BeanPostProcessorChecker]Bean 'myRealm' of type [class com.sdn.realm.myrealm] is not eligible for getting processed by all BeanPostProcessors (for example: not eligible for auto-proxying)
[INFO] [2019-11-24 23:03:35][org.springframework.context.support.PostProcessorRegistrationDelegate$BeanPostProcessorChecker]Bean 'securityManager' of type [class org.apache.shiro.web.mgt.DefaultWebSecurityManager] is not eligible for getting processed by all BeanPostProcessors (for example: not eligible for auto-proxying)
[INFO] [2019-11-24 23:03:35][org.springframework.web.servlet.handler.SimpleUrlHandlerMapping]Mapped URL path [/public/**] onto handler 'org.springframework.web.servlet.resource.ResourceHttpRequestHandler#0'
[INFO] [2019-11-24 23:04:12][org.springframework.context.support.ClassPathXmlApplicationContext]Refreshing org.springframework.context.support.ClassPathXmlApplicationContext@7b3300e5: startup date [Sun Nov 24 23:04:12 CST 2019]; root of context hierarchy
[INFO] [2019-11-24 23:04:12][org.springframework.beans.factory.xml.XmlBeanDefinitionReader]Loading XML bean definitions from class path resource [applicationContext.xml]
[INFO] [2019-11-24 23:04:13][org.springframework.context.support.PropertySourcesPlaceholderConfigurer]Loading properties file from class path resource [databases.properties]
[INFO] [2019-11-24 23:04:13][org.springframework.beans.factory.annotation.AutowiredAnnotationBeanPostProcessor]JSR-330 'javax.inject.Inject' annotation found and supported for autowiring
[INFO] [2019-11-24 23:04:14][org.springframework.context.support.PostProcessorRegistrationDelegate$BeanPostProcessorChecker]Bean 'org.springframework.beans.factory.config.MethodInvokingFactoryBean#0' of type [class org.springframework.beans.factory.config.MethodInvokingFactoryBean] is not eligible for getting processed by all BeanPostProcessors (for example: not eligible for auto-proxying)
[INFO] [2019-11-24 23:04:14][org.springframework.context.support.PostProcessorRegistrationDelegate$BeanPostProcessorChecker]Bean 'dataSource' of type [class org.apache.commons.dbcp.BasicDataSource] is not eligible for getting processed by all BeanPostProcessors (for example: not eligible for auto-proxying)
[INFO] [2019-11-24 23:04:14][org.springframework.context.support.PostProcessorRegistrationDelegate$BeanPostProcessorChecker]Bean 'sqlSessionFactory' of type [class org.mybatis.spring.SqlSessionFactoryBean] is not eligible for getting processed by all BeanPostProcessors (for example: not eligible for auto-proxying)
[INFO] [2019-11-24 23:04:14][org.springframework.context.support.PostProcessorRegistrationDelegate$BeanPostProcessorChecker]Bean 'sqlSessionFactory' of type [class org.apache.ibatis.session.defaults.DefaultSqlSessionFactory] is not eligible for getting processed by all BeanPostProcessors (for example: not eligible for auto-proxying)
[INFO] [2019-11-24 23:04:14][org.springframework.context.support.PostProcessorRegistrationDelegate$BeanPostProcessorChecker]Bean 'fantaMapper' of type [class org.mybatis.spring.mapper.MapperFactoryBean] is not eligible for getting processed by all BeanPostProcessors (for example: not eligible for auto-proxying)
[INFO] [2019-11-24 23:04:14][org.springframework.context.support.PostProcessorRegistrationDelegate$BeanPostProcessorChecker]Bean 'resourceMapper' of type [class org.mybatis.spring.mapper.MapperFactoryBean] is not eligible for getting processed by all BeanPostProcessors (for example: not eligible for auto-proxying)
[INFO] [2019-11-24 23:04:14][org.springframework.context.support.PostProcessorRegistrationDelegate$BeanPostProcessorChecker]Bean 'roleMapper' of type [class org.mybatis.spring.mapper.MapperFactoryBean] is not eligible for getting processed by all BeanPostProcessors (for example: not eligible for auto-proxying)
[INFO] [2019-11-24 23:04:14][org.springframework.context.support.PostProcessorRegistrationDelegate$BeanPostProcessorChecker]Bean 'userMapper' of type [class org.mybatis.spring.mapper.MapperFactoryBean] is not eligible for getting processed by all BeanPostProcessors (for example: not eligible for auto-proxying)
[INFO] [2019-11-24 23:04:14][org.springframework.context.support.PostProcessorRegistrationDelegate$BeanPostProcessorChecker]Bean 'userMapper' of type [class com.sun.proxy.$Proxy12] is not eligible for getting processed by all BeanPostProcessors (for example: not eligible for auto-proxying)
[INFO] [2019-11-24 23:04:14][org.springframework.context.support.PostProcessorRegistrationDelegate$BeanPostProcessorChecker]Bean 'userServiceImpl' of type [class com.sdn.service.impl.userServiceImpl] is not eligible for getting processed by all BeanPostProcessors (for example: not eligible for auto-proxying)
[INFO] [2019-11-24 23:04:14][org.springframework.context.support.PostProcessorRegistrationDelegate$BeanPostProcessorChecker]Bean 'resourceMapper' of type [class com.sun.proxy.$Proxy13] is not eligible for getting processed by all BeanPostProcessors (for example: not eligible for auto-proxying)
[INFO] [2019-11-24 23:04:14][org.springframework.context.support.PostProcessorRegistrationDelegate$BeanPostProcessorChecker]Bean 'roleMapper' of type [class com.sun.proxy.$Proxy14] is not eligible for getting processed by all BeanPostProcessors (for example: not eligible for auto-proxying)
[INFO] [2019-11-24 23:04:14][org.springframework.context.support.PostProcessorRegistrationDelegate$BeanPostProcessorChecker]Bean 'resourceServiceImpl' of type [class com.sdn.service.impl.resourceServiceImpl] is not eligible for getting processed by all BeanPostProcessors (for example: not eligible for auto-proxying)
[INFO] [2019-11-24 23:04:14][org.springframework.context.support.PostProcessorRegistrationDelegate$BeanPostProcessorChecker]Bean 'credentialsMatcher' of type [class org.apache.shiro.authc.credential.HashedCredentialsMatcher] is not eligible for getting processed by all BeanPostProcessors (for example: not eligible for auto-proxying)
[INFO] [2019-11-24 23:04:14][org.springframework.context.support.PostProcessorRegistrationDelegate$BeanPostProcessorChecker]Bean 'myRealm' of type [class com.sdn.realm.myrealm] is not eligible for getting processed by all BeanPostProcessors (for example: not eligible for auto-proxying)
[INFO] [2019-11-24 23:04:14][org.springframework.context.support.PostProcessorRegistrationDelegate$BeanPostProcessorChecker]Bean 'securityManager' of type [class org.apache.shiro.web.mgt.DefaultWebSecurityManager] is not eligible for getting processed by all BeanPostProcessors (for example: not eligible for auto-proxying)
[INFO] [2019-11-24 23:04:14][org.springframework.web.servlet.handler.SimpleUrlHandlerMapping]Mapped URL path [/public/**] onto handler 'org.springframework.web.servlet.resource.ResourceHttpRequestHandler#0'
[INFO] [2019-11-24 23:04:52][org.springframework.context.support.ClassPathXmlApplicationContext]Refreshing org.springframework.context.support.ClassPathXmlApplicationContext@7b3300e5: startup date [Sun Nov 24 23:04:52 CST 2019]; root of context hierarchy
[INFO] [2019-11-24 23:04:52][org.springframework.beans.factory.xml.XmlBeanDefinitionReader]Loading XML bean definitions from class path resource [applicationContext.xml]
[INFO] [2019-11-24 23:04:53][org.springframework.context.support.PropertySourcesPlaceholderConfigurer]Loading properties file from class path resource [databases.properties]
[INFO] [2019-11-24 23:04:53][org.springframework.beans.factory.annotation.AutowiredAnnotationBeanPostProcessor]JSR-330 'javax.inject.Inject' annotation found and supported for autowiring
[INFO] [2019-11-24 23:04:54][org.springframework.context.support.PostProcessorRegistrationDelegate$BeanPostProcessorChecker]Bean 'org.springframework.beans.factory.config.MethodInvokingFactoryBean#0' of type [class org.springframework.beans.factory.config.MethodInvokingFactoryBean] is not eligible for getting processed by all BeanPostProcessors (for example: not eligible for auto-proxying)
[INFO] [2019-11-24 23:04:54][org.springframework.context.support.PostProcessorRegistrationDelegate$BeanPostProcessorChecker]Bean 'dataSource' of type [class org.apache.commons.dbcp.BasicDataSource] is not eligible for getting processed by all BeanPostProcessors (for example: not eligible for auto-proxying)
[INFO] [2019-11-24 23:04:54][org.springframework.context.support.PostProcessorRegistrationDelegate$BeanPostProcessorChecker]Bean 'sqlSessionFactory' of type [class org.mybatis.spring.SqlSessionFactoryBean] is not eligible for getting processed by all BeanPostProcessors (for example: not eligible for auto-proxying)
[INFO] [2019-11-24 23:04:54][org.springframework.context.support.PostProcessorRegistrationDelegate$BeanPostProcessorChecker]Bean 'sqlSessionFactory' of type [class org.apache.ibatis.session.defaults.DefaultSqlSessionFactory] is not eligible for getting processed by all BeanPostProcessors (for example: not eligible for auto-proxying)
[INFO] [2019-11-24 23:04:54][org.springframework.context.support.PostProcessorRegistrationDelegate$BeanPostProcessorChecker]Bean 'fantaMapper' of type [class org.mybatis.spring.mapper.MapperFactoryBean] is not eligible for getting processed by all BeanPostProcessors (for example: not eligible for auto-proxying)
[INFO] [2019-11-24 23:04:54][org.springframework.context.support.PostProcessorRegistrationDelegate$BeanPostProcessorChecker]Bean 'resourceMapper' of type [class org.mybatis.spring.mapper.MapperFactoryBean] is not eligible for getting processed by all BeanPostProcessors (for example: not eligible for auto-proxying)
[INFO] [2019-11-24 23:04:54][org.springframework.context.support.PostProcessorRegistrationDelegate$BeanPostProcessorChecker]Bean 'roleMapper' of type [class org.mybatis.spring.mapper.MapperFactoryBean] is not eligible for getting processed by all BeanPostProcessors (for example: not eligible for auto-proxying)
[INFO] [2019-11-24 23:04:54][org.springframework.context.support.PostProcessorRegistrationDelegate$BeanPostProcessorChecker]Bean 'userMapper' of type [class org.mybatis.spring.mapper.MapperFactoryBean] is not eligible for getting processed by all BeanPostProcessors (for example: not eligible for auto-proxying)
[INFO] [2019-11-24 23:04:54][org.springframework.context.support.PostProcessorRegistrationDelegate$BeanPostProcessorChecker]Bean 'userMapper' of type [class com.sun.proxy.$Proxy12] is not eligible for getting processed by all BeanPostProcessors (for example: not eligible for auto-proxying)
[INFO] [2019-11-24 23:04:54][org.springframework.context.support.PostProcessorRegistrationDelegate$BeanPostProcessorChecker]Bean 'userServiceImpl' of type [class com.sdn.service.impl.userServiceImpl] is not eligible for getting processed by all BeanPostProcessors (for example: not eligible for auto-proxying)
[INFO] [2019-11-24 23:04:54][org.springframework.context.support.PostProcessorRegistrationDelegate$BeanPostProcessorChecker]Bean 'resourceMapper' of type [class com.sun.proxy.$Proxy13] is not eligible for getting processed by all BeanPostProcessors (for example: not eligible for auto-proxying)
[INFO] [2019-11-24 23:04:54][org.springframework.context.support.PostProcessorRegistrationDelegate$BeanPostProcessorChecker]Bean 'roleMapper' of type [class com.sun.proxy.$Proxy14] is not eligible for getting processed by all BeanPostProcessors (for example: not eligible for auto-proxying)
[INFO] [2019-11-24 23:04:54][org.springframework.context.support.PostProcessorRegistrationDelegate$BeanPostProcessorChecker]Bean 'resourceServiceImpl' of type [class com.sdn.service.impl.resourceServiceImpl] is not eligible for getting processed by all BeanPostProcessors (for example: not eligible for auto-proxying)
[INFO] [2019-11-24 23:04:54][org.springframework.context.support.PostProcessorRegistrationDelegate$BeanPostProcessorChecker]Bean 'credentialsMatcher' of type [class org.apache.shiro.authc.credential.HashedCredentialsMatcher] is not eligible for getting processed by all BeanPostProcessors (for example: not eligible for auto-proxying)
[INFO] [2019-11-24 23:04:54][org.springframework.context.support.PostProcessorRegistrationDelegate$BeanPostProcessorChecker]Bean 'myRealm' of type [class com.sdn.realm.myrealm] is not eligible for getting processed by all BeanPostProcessors (for example: not eligible for auto-proxying)
[INFO] [2019-11-24 23:04:54][org.springframework.context.support.PostProcessorRegistrationDelegate$BeanPostProcessorChecker]Bean 'securityManager' of type [class org.apache.shiro.web.mgt.DefaultWebSecurityManager] is not eligible for getting processed by all BeanPostProcessors (for example: not eligible for auto-proxying)
[INFO] [2019-11-24 23:04:54][org.springframework.web.servlet.handler.SimpleUrlHandlerMapping]Mapped URL path [/public/**] onto handler 'org.springframework.web.servlet.resource.ResourceHttpRequestHandler#0'
[INFO] [2019-11-24 23:10:12][org.springframework.context.support.ClassPathXmlApplicationContext]Refreshing org.springframework.context.support.ClassPathXmlApplicationContext@123772c4: startup date [Sun Nov 24 23:10:12 CST 2019]; root of context hierarchy
[INFO] [2019-11-24 23:10:12][org.springframework.beans.factory.xml.XmlBeanDefinitionReader]Loading XML bean definitions from class path resource [applicationContext.xml]
[INFO] [2019-11-24 23:10:14][org.springframework.context.support.PropertySourcesPlaceholderConfigurer]Loading properties file from class path resource [databases.properties]
[INFO] [2019-11-24 23:10:14][org.springframework.beans.factory.annotation.AutowiredAnnotationBeanPostProcessor]JSR-330 'javax.inject.Inject' annotation found and supported for autowiring
[INFO] [2019-11-24 23:10:16][org.springframework.context.support.PostProcessorRegistrationDelegate$BeanPostProcessorChecker]Bean 'org.springframework.beans.factory.config.MethodInvokingFactoryBean#0' of type [class org.springframework.beans.factory.config.MethodInvokingFactoryBean] is not eligible for getting processed by all BeanPostProcessors (for example: not eligible for auto-proxying)
[INFO] [2019-11-24 23:10:16][org.springframework.context.support.PostProcessorRegistrationDelegate$BeanPostProcessorChecker]Bean 'dataSource' of type [class org.apache.commons.dbcp.BasicDataSource] is not eligible for getting processed by all BeanPostProcessors (for example: not eligible for auto-proxying)
[INFO] [2019-11-24 23:10:17][org.springframework.context.support.PostProcessorRegistrationDelegate$BeanPostProcessorChecker]Bean 'sqlSessionFactory' of type [class org.mybatis.spring.SqlSessionFactoryBean] is not eligible for getting processed by all BeanPostProcessors (for example: not eligible for auto-proxying)
[INFO] [2019-11-24 23:10:17][org.springframework.context.support.PostProcessorRegistrationDelegate$BeanPostProcessorChecker]Bean 'sqlSessionFactory' of type [class org.apache.ibatis.session.defaults.DefaultSqlSessionFactory] is not eligible for getting processed by all BeanPostProcessors (for example: not eligible for auto-proxying)
[INFO] [2019-11-24 23:10:17][org.springframework.context.support.PostProcessorRegistrationDelegate$BeanPostProcessorChecker]Bean 'fantaMapper' of type [class org.mybatis.spring.mapper.MapperFactoryBean] is not eligible for getting processed by all BeanPostProcessors (for example: not eligible for auto-proxying)
[INFO] [2019-11-24 23:10:17][org.springframework.context.support.PostProcessorRegistrationDelegate$BeanPostProcessorChecker]Bean 'resourceMapper' of type [class org.mybatis.spring.mapper.MapperFactoryBean] is not eligible for getting processed by all BeanPostProcessors (for example: not eligible for auto-proxying)
[INFO] [2019-11-24 23:10:17][org.springframework.context.support.PostProcessorRegistrationDelegate$BeanPostProcessorChecker]Bean 'roleMapper' of type [class org.mybatis.spring.mapper.MapperFactoryBean] is not eligible for getting processed by all BeanPostProcessors (for example: not eligible for auto-proxying)
[INFO] [2019-11-24 23:10:17][org.springframework.context.support.PostProcessorRegistrationDelegate$BeanPostProcessorChecker]Bean 'userMapper' of type [class org.mybatis.spring.mapper.MapperFactoryBean] is not eligible for getting processed by all BeanPostProcessors (for example: not eligible for auto-proxying)
[INFO] [2019-11-24 23:10:17][org.springframework.context.support.PostProcessorRegistrationDelegate$BeanPostProcessorChecker]Bean 'userMapper' of type [class com.sun.proxy.$Proxy12] is not eligible for getting processed by all BeanPostProcessors (for example: not eligible for auto-proxying)
[INFO] [2019-11-24 23:10:17][org.springframework.context.support.PostProcessorRegistrationDelegate$BeanPostProcessorChecker]Bean 'userServiceImpl' of type [class com.sdn.service.impl.userServiceImpl] is not eligible for getting processed by all BeanPostProcessors (for example: not eligible for auto-proxying)
[INFO] [2019-11-24 23:10:17][org.springframework.context.support.PostProcessorRegistrationDelegate$BeanPostProcessorChecker]Bean 'resourceMapper' of type [class com.sun.proxy.$Proxy13] is not eligible for getting processed by all BeanPostProcessors (for example: not eligible for auto-proxying)
[INFO] [2019-11-24 23:10:17][org.springframework.context.support.PostProcessorRegistrationDelegate$BeanPostProcessorChecker]Bean 'roleMapper' of type [class com.sun.proxy.$Proxy14] is not eligible for getting processed by all BeanPostProcessors (for example: not eligible for auto-proxying)
[INFO] [2019-11-24 23:10:17][org.springframework.context.support.PostProcessorRegistrationDelegate$BeanPostProcessorChecker]Bean 'resourceServiceImpl' of type [class com.sdn.service.impl.resourceServiceImpl] is not eligible for getting processed by all BeanPostProcessors (for example: not eligible for auto-proxying)
[INFO] [2019-11-24 23:10:17][org.springframework.context.support.PostProcessorRegistrationDelegate$BeanPostProcessorChecker]Bean 'credentialsMatcher' of type [class org.apache.shiro.authc.credential.HashedCredentialsMatcher] is not eligible for getting processed by all BeanPostProcessors (for example: not eligible for auto-proxying)
[INFO] [2019-11-24 23:10:17][org.springframework.context.support.PostProcessorRegistrationDelegate$BeanPostProcessorChecker]Bean 'myRealm' of type [class com.sdn.realm.myrealm] is not eligible for getting processed by all BeanPostProcessors (for example: not eligible for auto-proxying)
[INFO] [2019-11-24 23:10:17][org.springframework.context.support.PostProcessorRegistrationDelegate$BeanPostProcessorChecker]Bean 'securityManager' of type [class org.apache.shiro.web.mgt.DefaultWebSecurityManager] is not eligible for getting processed by all BeanPostProcessors (for example: not eligible for auto-proxying)
[INFO] [2019-11-24 23:10:17][org.springframework.web.servlet.handler.SimpleUrlHandlerMapping]Mapped URL path [/public/**] onto handler 'org.springframework.web.servlet.resource.ResourceHttpRequestHandler#0'
